[LOG] System::create                           : Header version = 2.02.17. Current version = 2.02.17.
[LOG] Manager::init                            : maxchannels = 256 studioflags = 00000006 flags 00000000 extradriverdata 0000000000000000.
[LOG] SystemI::init                            : Initialize version=20217 (136061), maxchannels=256, flags=0x00020000
[LOG] SystemI::setOutputInternal               : Setting output to 'FMOD WASAPI Output'
[LOG] OutputWASAPI::init                       : Mix Format (WAVEFORMATEX): wFormatTag=0xFFFE, nChannels=2, nSamplesPerSec=48000, nAvgBytesPerSec=384000, nBlockAlign=8, wBitsPerSample=32, cbSize=22.
[LOG] OutputWASAPI::init                       : Mix Format (WAVEFORMATEXTENSIBLE): wValidBitsPerSample=32, dwChannelMask=0x00000003, SubFormat=00000003-0000-0010-8000-00AA00389B71.
[LOG] OutputWASAPI::init                       : Output buffer size: 4096 samples, latency: 0.00ms, period: 10.67ms, DSP buffer: 1024 * 4
[LOG] Thread::initThread                       : Init FMOD stream thread. Affinity: 0x4000000000000003, Priority: 0xFFFF7FFB, Stack Size: 98304, Semaphore: No, Sleep Time: 10, Looping: Yes.
[LOG] Thread::initThread                       : Init FMOD mixer thread. Affinity: 0x4000000000000001, Priority: 0xFFFF7FFA, Stack Size: 81920, Semaphore: No, Sleep Time: 0, Looping: Yes.
[LOG] AsyncManager::init                       : manager 0000022FD850C968 isAsync 0 updatePeriod 0.02
[LOG] AsyncManager::init                       : done
[LOG] PlaybackSystem::init                     : 
[LOG] Thread::initThread                       : Init FMOD Studio sample load thread. Affinity: 0x4000000000000003, Priority: 0xFFFF7FFD, Stack Size: 98304, Semaphore: No, Sleep Time: 1, Looping: No.
[LOG] PlaybackSystem::init                     : done
[LOG] Thread::initThread                       : Init FMOD Studio bank load thread. Affinity: 0x4000000000000003, Priority: 0xFFFF7FFD, Stack Size: 98304, Semaphore: No, Sleep Time: 1, Looping: No.
[LOG] Manager::init                            : done.
[LOG] Manager::readBank                        : fileversion = 142, compatVersion = 140 (oldest = 44, newest = 142)
[LOG] Manager::readBank                        : fileversion = 142, compatVersion = 140 (oldest = 44, newest = 142)
[LOG] Manager::readBank                        : fileversion = 142, compatVersion = 140 (oldest = 44, newest = 142)
[LOG] Manager::readBank                        : fileversion = 142, compatVersion = 140 (oldest = 44, newest = 142)
[LOG] PlaybackSystem::acquireMasterBus         : Setting master channel group format to 6
[LOG] Manager::readBank                        : fileversion = 142, compatVersion = 140 (oldest = 44, newest = 142)
[LOG] Manager::readBank                        : fileversion = 142, compatVersion = 140 (oldest = 44, newest = 142)
[LOG] SystemI::mixerResume                     : Resuming output.
[LOG] SystemI::mixerSuspend                    : Suspending output.
[LOG] SystemI::mixerResume                     : Resuming output.
[LOG] AsyncThread::add                         : add sound to async queue : soundi = 0000022FD82816F8, queue head = 0000022D2488B948, queue count = 0
[LOG] AsyncThread::threadFunc                  : Starting Asynchronous operation on sound 0000022FD82816F8
[LOG] AsyncThread::threadFunc                  : Finished Asynchronous operation on sound 0000022FD82816F8
[LOG] SystemI::createSound                     : filename = Assets/Audio/Audio-Projeto/Build/Desktop/Master.bank : mode 02010082
[LOG] SystemI::createSound                     : FMOD_NONBLOCKING specified.  Putting into queue to be opened asynchronously!
[LOG] AsyncThread::add                         : add sound to async queue : soundi = 0000022F8B102048, queue head = 0000022D2488B948, queue count = 0
[LOG] AsyncThread::threadFunc                  : Starting Asynchronous operation on sound 0000022F8B102048
[LOG] SystemI::createSoundInternal             :     Create name='Assets/Audio/Audio-Projeto/Build/Desktop/Master.bank', mode=0x02010082
[LOG] SystemI::createSoundInternal             :     exinfo->cbsize             = 224
[LOG] SystemI::createSoundInternal             :     exinfo->length             = 1186432
[LOG] SystemI::createSoundInternal             :     exinfo->fileoffset         = 20224
[LOG] SystemI::createSoundInternal             :     exinfo->numsubsounds       = 1
[LOG] SystemI::createSoundInternal             :     exinfo->inclusionlist      = 000002309F000470
[LOG] SystemI::createSoundInternal             :     exinfo->inclusionlistnum   = 1
[LOG] SystemI::createSoundInternal             :     exinfo->suggestedsoundtype = 5
[LOG] SystemI::createSoundInternal             :     exinfo->initialseekposition = 3373
[LOG] SystemI::createSoundInternal             :     exinfo->initialseekpostype = 1
[LOG] SystemI::createSoundInternal             :     Stream 0/1: name='creepy-music-box-6169', format=5, channels=1, frequency=48000, lengthbytes=574176, lengthpcm=3236257, pcmblocksize=0, loopstart=0, loopend=0, mode=0x00000000, channelmask=0x00000000, channelorder=0, peakvolume=0.999969.
[LOG] AsyncThread::threadFunc                  : Finished Asynchronous operation on sound 0000022F8B102048
[LOG] SoundI::release                          : creepy-music-box-6169 (0000022FD4236ED8)
[LOG] SoundI::release                          :     creepy-music-box-6169 (0000022F99D17BE8)
[LOG] SoundI::release                          :     creepy-music-box-6169 (0000022FD82816F8)
[LOG] SystemI::createSound                     : filename = Assets/Audio/Audio-Projeto/Build/Desktop/Master.bank : mode 02010082
[LOG] SystemI::createSound                     : FMOD_NONBLOCKING specified.  Putting into queue to be opened asynchronously!
[LOG] AsyncThread::add                         : add sound to async queue : soundi = 0000022F8B1023A8, queue head = 0000022D2488B948, queue count = 0
[LOG] AsyncThread::threadFunc                  : Starting Asynchronous operation on sound 0000022F8B1023A8
[LOG] SystemI::createSoundInternal             :     Create name='Assets/Audio/Audio-Projeto/Build/Desktop/Master.bank', mode=0x02010082
[LOG] SystemI::createSoundInternal             :     exinfo->cbsize             = 224
[LOG] SystemI::createSoundInternal             :     exinfo->length             = 1186432
[LOG] SystemI::createSoundInternal             :     exinfo->fileoffset         = 20224
[LOG] SystemI::createSoundInternal             :     exinfo->numsubsounds       = 1
[LOG] SystemI::createSoundInternal             :     exinfo->inclusionlist      = 000002309F000330
[LOG] SystemI::createSoundInternal             :     exinfo->inclusionlistnum   = 1
[LOG] SystemI::createSoundInternal             :     exinfo->suggestedsoundtype = 5
[LOG] SystemI::createSoundInternal             :     exinfo->initialseekposition = 3000
[LOG] SystemI::createSoundInternal             :     exinfo->initialseekpostype = 1
[LOG] SystemI::createSoundInternal             :     Stream 0/1: name='creepy-music-box-6169', format=5, channels=1, frequency=48000, lengthbytes=574176, lengthpcm=3236257, pcmblocksize=0, loopstart=0, loopend=0, mode=0x00000000, channelmask=0x00000000, channelorder=0, peakvolume=0.999969.
[LOG] AsyncThread::threadFunc                  : Finished Asynchronous operation on sound 0000022F8B1023A8
[LOG] SoundI::release                          : creepy-music-box-6169 (0000022F8B102048)
[LOG] SoundI::release                          :     creepy-music-box-6169 (000002309ED30648)
[LOG] SoundI::release                          :     creepy-music-box-6169 (000002309E6B9CD8)
[LOG] SystemI::createSound                     : filename = Assets/Audio/Audio-Projeto/Build/Desktop/Master.bank : mode 02010082
[LOG] SystemI::createSound                     : FMOD_NONBLOCKING specified.  Putting into queue to be opened asynchronously!
[LOG] AsyncThread::add                         : add sound to async queue : soundi = 0000022FD578D418, queue head = 0000022D2488B948, queue count = 0
[LOG] AsyncThread::threadFunc                  : Starting Asynchronous operation on sound 0000022FD578D418
[LOG] SystemI::createSoundInternal             :     Create name='Assets/Audio/Audio-Projeto/Build/Desktop/Master.bank', mode=0x02010082
[LOG] SystemI::createSoundInternal             :     exinfo->cbsize             = 224
[LOG] SystemI::createSoundInternal             :     exinfo->length             = 1186432
[LOG] SystemI::createSoundInternal             :     exinfo->fileoffset         = 20224
[LOG] SystemI::createSoundInternal             :     exinfo->numsubsounds       = 1
[LOG] SystemI::createSoundInternal             :     exinfo->inclusionlist      = 0000022FC0BE4EE0
[LOG] SystemI::createSoundInternal             :     exinfo->inclusionlistnum   = 1
[LOG] SystemI::createSoundInternal             :     exinfo->suggestedsoundtype = 5
[LOG] SystemI::createSoundInternal             :     exinfo->initialseekposition = 8000
[LOG] SystemI::createSoundInternal             :     exinfo->initialseekpostype = 1
[LOG] SystemI::createSoundInternal             :     Stream 0/1: name='creepy-music-box-6169', format=5, channels=1, frequency=48000, lengthbytes=574176, lengthpcm=3236257, pcmblocksize=0, loopstart=0, loopend=0, mode=0x00000000, channelmask=0x00000000, channelorder=0, peakvolume=0.999969.
[LOG] AsyncThread::threadFunc                  : Finished Asynchronous operation on sound 0000022FD578D418
[LOG] SystemI::createSound                     : filename = Assets/Audio/Audio-Projeto/Build/Desktop/Master.bank : mode 02010082
[LOG] SystemI::createSound                     : FMOD_NONBLOCKING specified.  Putting into queue to be opened asynchronously!
[LOG] AsyncThread::add                         : add sound to async queue : soundi = 00000230462478B8, queue head = 0000022D2488B948, queue count = 0
[LOG] AsyncThread::threadFunc                  : Starting Asynchronous operation on sound 00000230462478B8
[LOG] SystemI::createSoundInternal             :     Create name='Assets/Audio/Audio-Projeto/Build/Desktop/Master.bank', mode=0x02010082
[LOG] SystemI::createSoundInternal             :     exinfo->cbsize             = 224
[LOG] SystemI::createSoundInternal             :     exinfo->length             = 1186432
[LOG] SystemI::createSoundInternal             :     exinfo->fileoffset         = 20224
[LOG] SystemI::createSoundInternal             :     exinfo->numsubsounds       = 1
[LOG] SystemI::createSoundInternal             :     exinfo->inclusionlist      = 000002309E3D86C0
[LOG] SystemI::createSoundInternal             :     exinfo->inclusionlistnum   = 1
[LOG] SystemI::createSoundInternal             :     exinfo->suggestedsoundtype = 5
[LOG] SystemI::createSoundInternal             :     exinfo->initialseekposition = 7866
[LOG] SystemI::createSoundInternal             :     exinfo->initialseekpostype = 1
[LOG] SystemI::createSoundInternal             :     Stream 0/1: name='creepy-music-box-6169', format=5, channels=1, frequency=48000, lengthbytes=574176, lengthpcm=3236257, pcmblocksize=0, loopstart=0, loopend=0, mode=0x00000000, channelmask=0x00000000, channelorder=0, peakvolume=0.999969.
[LOG] AsyncThread::threadFunc                  : Finished Asynchronous operation on sound 00000230462478B8
[LOG] SoundI::release                          : creepy-music-box-6169 (0000022F8B1023A8)
[LOG] SoundI::release                          :     creepy-music-box-6169 (0000022F99D185A8)
[LOG] SoundI::release                          :     creepy-music-box-6169 (0000022FD8281A58)
[LOG] SystemI::createSound                     : filename = Assets/Audio/Audio-Projeto/Build/Desktop/Master.bank : mode 02010082
[LOG] SystemI::createSound                     : FMOD_NONBLOCKING specified.  Putting into queue to be opened asynchronously!
[LOG] AsyncThread::add                         : add sound to async queue : soundi = 0000022FD4236ED8, queue head = 0000022D2488B948, queue count = 0
[LOG] AsyncThread::threadFunc                  : Starting Asynchronous operation on sound 0000022FD4236ED8
[LOG] SystemI::createSoundInternal             :     Create name='Assets/Audio/Audio-Projeto/Build/Desktop/Master.bank', mode=0x02010082
[LOG] SystemI::createSoundInternal             :     exinfo->cbsize             = 224
[LOG] SystemI::createSoundInternal             :     exinfo->length             = 1186432
[LOG] SystemI::createSoundInternal             :     exinfo->fileoffset         = 20224
[LOG] SystemI::createSoundInternal             :     exinfo->numsubsounds       = 1
[LOG] SystemI::createSoundInternal             :     exinfo->inclusionlist      = 0000022F822E0EA0
[LOG] SystemI::createSoundInternal             :     exinfo->inclusionlistnum   = 1
[LOG] SystemI::createSoundInternal             :     exinfo->suggestedsoundtype = 5
[LOG] SystemI::createSoundInternal             :     exinfo->initialseekposition = 5077
[LOG] SystemI::createSoundInternal             :     exinfo->initialseekpostype = 1
[LOG] SystemI::createSoundInternal             :     Stream 0/1: name='creepy-music-box-6169', format=5, channels=1, frequency=48000, lengthbytes=574176, lengthpcm=3236257, pcmblocksize=0, loopstart=0, loopend=0, mode=0x00000000, channelmask=0x00000000, channelorder=0, peakvolume=0.999969.
[LOG] AsyncThread::threadFunc                  : Finished Asynchronous operation on sound 0000022FD4236ED8
[LOG] SoundI::release                          : creepy-music-box-6169 (0000022FD578D418)
[LOG] SoundI::release                          :     creepy-music-box-6169 (000002309ED30648)
[LOG] SoundI::release                          :     creepy-music-box-6169 (000002309E6BA1E8)
[LOG] SystemI::createSound                     : filename = Assets/Audio/Audio-Projeto/Build/Desktop/Master.bank : mode 02010082
[LOG] SystemI::createSound                     : FMOD_NONBLOCKING specified.  Putting into queue to be opened asynchronously!
[LOG] AsyncThread::add                         : add sound to async queue : soundi = 0000022FD82818A8, queue head = 0000022D2488B948, queue count = 0
[LOG] AsyncThread::threadFunc                  : Starting Asynchronous operation on sound 0000022FD82818A8
[LOG] SystemI::createSoundInternal             :     Create name='Assets/Audio/Audio-Projeto/Build/Desktop/Master.bank', mode=0x02010082
[LOG] SystemI::createSoundInternal             :     exinfo->cbsize             = 224
[LOG] SystemI::createSoundInternal             :     exinfo->length             = 1186432
[LOG] SystemI::createSoundInternal             :     exinfo->fileoffset         = 20224
[LOG] SystemI::createSoundInternal             :     exinfo->numsubsounds       = 1
[LOG] SystemI::createSoundInternal             :     exinfo->inclusionlist      = 0000022F995CF6E0
[LOG] SystemI::createSoundInternal             :     exinfo->inclusionlistnum   = 1
[LOG] SystemI::createSoundInternal             :     exinfo->suggestedsoundtype = 5
[LOG] SystemI::createSoundInternal             :     exinfo->initialseekposition = 3000
[LOG] SystemI::createSoundInternal             :     exinfo->initialseekpostype = 1
[LOG] SystemI::createSoundInternal             :     Stream 0/1: name='creepy-music-box-6169', format=5, channels=1, frequency=48000, lengthbytes=574176, lengthpcm=3236257, pcmblocksize=0, loopstart=0, loopend=0, mode=0x00000000, channelmask=0x00000000, channelorder=0, peakvolume=0.999969.
[LOG] AsyncThread::threadFunc                  : Finished Asynchronous operation on sound 0000022FD82818A8
[LOG] SoundI::release                          : creepy-music-box-6169 (00000230462478B8)
[LOG] SoundI::release                          :     creepy-music-box-6169 (0000022FD083E728)
[LOG] SoundI::release                          :     creepy-music-box-6169 (000002308AA19948)
[LOG] SystemI::createSound                     : filename = Assets/Audio/Audio-Projeto/Build/Desktop/Master.bank : mode 02010082
[LOG] SystemI::createSound                     : FMOD_NONBLOCKING specified.  Putting into queue to be opened asynchronously!
[LOG] AsyncThread::add                         : add sound to async queue : soundi = 0000022F8CD2EC28, queue head = 0000022D2488B948, queue count = 0
[LOG] AsyncThread::threadFunc                  : Starting Asynchronous operation on sound 0000022F8CD2EC28
[LOG] SystemI::createSoundInternal             :     Create name='Assets/Audio/Audio-Projeto/Build/Desktop/Master.bank', mode=0x02010082
[LOG] SystemI::createSoundInternal             :     exinfo->cbsize             = 224
[LOG] SystemI::createSoundInternal             :     exinfo->length             = 1186432
[LOG] SystemI::createSoundInternal             :     exinfo->fileoffset         = 20224
[LOG] SystemI::createSoundInternal             :     exinfo->numsubsounds       = 1
[LOG] SystemI::createSoundInternal             :     exinfo->inclusionlist      = 00000230A3511DE0
[LOG] SystemI::createSoundInternal             :     exinfo->inclusionlistnum   = 1
[LOG] SystemI::createSoundInternal             :     exinfo->suggestedsoundtype = 5
[LOG] SystemI::createSoundInternal             :     exinfo->initialseekposition = 3000
[LOG] SystemI::createSoundInternal             :     exinfo->initialseekpostype = 1
[LOG] SystemI::createSoundInternal             :     Stream 0/1: name='creepy-music-box-6169', format=5, channels=1, frequency=48000, lengthbytes=574176, lengthpcm=3236257, pcmblocksize=0, loopstart=0, loopend=0, mode=0x00000000, channelmask=0x00000000, channelorder=0, peakvolume=0.999969.
[LOG] AsyncThread::threadFunc                  : Finished Asynchronous operation on sound 0000022F8CD2EC28
[LOG] SoundI::release                          : creepy-music-box-6169 (0000022FD4236ED8)
[LOG] SoundI::release                          :     creepy-music-box-6169 (0000022F82204A28)
[LOG] SoundI::release                          :     creepy-music-box-6169 (0000023046247A68)
[LOG] SystemI::createSound                     : filename = Assets/Audio/Audio-Projeto/Build/Desktop/Master.bank : mode 02010082
[LOG] SystemI::createSound                     : FMOD_NONBLOCKING specified.  Putting into queue to be opened asynchronously!
[LOG] AsyncThread::add                         : add sound to async queue : soundi = 000002308AA1A6C8, queue head = 0000022D2488B948, queue count = 0
[LOG] AsyncThread::threadFunc                  : Starting Asynchronous operation on sound 000002308AA1A6C8
[LOG] SystemI::createSoundInternal             :     Create name='Assets/Audio/Audio-Projeto/Build/Desktop/Master.bank', mode=0x02010082
[LOG] SystemI::createSoundInternal             :     exinfo->cbsize             = 224
[LOG] SystemI::createSoundInternal             :     exinfo->length             = 1186432
[LOG] SystemI::createSoundInternal             :     exinfo->fileoffset         = 20224
[LOG] SystemI::createSoundInternal             :     exinfo->numsubsounds       = 1
[LOG] SystemI::createSoundInternal             :     exinfo->inclusionlist      = 0000022F99DBE000
[LOG] SystemI::createSoundInternal             :     exinfo->inclusionlistnum   = 1
[LOG] SystemI::createSoundInternal             :     exinfo->suggestedsoundtype = 5
[LOG] SystemI::createSoundInternal             :     exinfo->initialseekposition = 8000
[LOG] SystemI::createSoundInternal             :     exinfo->initialseekpostype = 1
[LOG] SystemI::createSoundInternal             :     Stream 0/1: name='creepy-music-box-6169', format=5, channels=1, frequency=48000, lengthbytes=574176, lengthpcm=3236257, pcmblocksize=0, loopstart=0, loopend=0, mode=0x00000000, channelmask=0x00000000, channelorder=0, peakvolume=0.999969.
[LOG] AsyncThread::threadFunc                  : Finished Asynchronous operation on sound 000002308AA1A6C8
[LOG] SoundI::release                          : creepy-music-box-6169 (0000022FD82818A8)
[LOG] SoundI::release                          :     creepy-music-box-6169 (0000022F83C7A258)
[LOG] SoundI::release                          :     creepy-music-box-6169 (0000023046247C18)
[LOG] SystemI::createSound                     : filename = Assets/Audio/Audio-Projeto/Build/Desktop/Master.bank : mode 02010082
[LOG] SystemI::createSound                     : FMOD_NONBLOCKING specified.  Putting into queue to be opened asynchronously!
[LOG] AsyncThread::add                         : add sound to async queue : soundi = 0000022FD4237748, queue head = 0000022D2488B948, queue count = 0
[LOG] AsyncThread::threadFunc                  : Starting Asynchronous operation on sound 0000022FD4237748
[LOG] SystemI::createSoundInternal             :     Create name='Assets/Audio/Audio-Projeto/Build/Desktop/Master.bank', mode=0x02010082
[LOG] SystemI::createSoundInternal             :     exinfo->cbsize             = 224
[LOG] SystemI::createSoundInternal             :     exinfo->length             = 1186432
[LOG] SystemI::createSoundInternal             :     exinfo->fileoffset         = 20224
[LOG] SystemI::createSoundInternal             :     exinfo->numsubsounds       = 1
[LOG] SystemI::createSoundInternal             :     exinfo->inclusionlist      = 0000022F822E0720
[LOG] SystemI::createSoundInternal             :     exinfo->inclusionlistnum   = 1
[LOG] SystemI::createSoundInternal             :     exinfo->suggestedsoundtype = 5
[LOG] SystemI::createSoundInternal             :     exinfo->initialseekposition = 3000
[LOG] SystemI::createSoundInternal             :     exinfo->initialseekpostype = 1
[LOG] SystemI::createSoundInternal             :     Stream 0/1: name='creepy-music-box-6169', format=5, channels=1, frequency=48000, lengthbytes=574176, lengthpcm=3236257, pcmblocksize=0, loopstart=0, loopend=0, mode=0x00000000, channelmask=0x00000000, channelorder=0, peakvolume=0.999969.
[LOG] AsyncThread::threadFunc                  : Finished Asynchronous operation on sound 0000022FD4237748
[LOG] SoundI::release                          : creepy-music-box-6169 (0000022F8CD2EC28)
[LOG] SoundI::release                          :     creepy-music-box-6169 (0000022F99D18408)
[LOG] SoundI::release                          :     creepy-music-box-6169 (0000022FD8281C08)
[LOG] SystemI::createSound                     : filename = Assets/Audio/Audio-Projeto/Build/Desktop/Master.bank : mode 02010082
[LOG] SystemI::createSound                     : FMOD_NONBLOCKING specified.  Putting into queue to be opened asynchronously!
[LOG] AsyncThread::add                         : add sound to async queue : soundi = 0000022F8B1023A8, queue head = 0000022D2488B948, queue count = 0
[LOG] AsyncThread::threadFunc                  : Starting Asynchronous operation on sound 0000022F8B1023A8
[LOG] SystemI::createSoundInternal             :     Create name='Assets/Audio/Audio-Projeto/Build/Desktop/Master.bank', mode=0x02010082
[LOG] SystemI::createSoundInternal             :     exinfo->cbsize             = 224
[LOG] SystemI::createSoundInternal             :     exinfo->length             = 1186432
[LOG] SystemI::createSoundInternal             :     exinfo->fileoffset         = 20224
[LOG] SystemI::createSoundInternal             :     exinfo->numsubsounds       = 1
[LOG] SystemI::createSoundInternal             :     exinfo->inclusionlist      = 000002309F0005B0
[LOG] SystemI::createSoundInternal             :     exinfo->inclusionlistnum   = 1
[LOG] SystemI::createSoundInternal             :     exinfo->suggestedsoundtype = 5
[LOG] SystemI::createSoundInternal             :     exinfo->initialseekposition = 1605
[LOG] SystemI::createSoundInternal             :     exinfo->initialseekpostype = 1
[LOG] SystemI::createSoundInternal             :     Stream 0/1: name='creepy-music-box-6169', format=5, channels=1, frequency=48000, lengthbytes=574176, lengthpcm=3236257, pcmblocksize=0, loopstart=0, loopend=0, mode=0x00000000, channelmask=0x00000000, channelorder=0, peakvolume=0.999969.
[LOG] AsyncThread::threadFunc                  : Finished Asynchronous operation on sound 0000022F8B1023A8
[LOG] SoundI::release                          : creepy-music-box-6169 (0000022FD4237748)
[LOG] SoundI::release                          :     creepy-music-box-6169 (0000022F83C7A3F8)
[LOG] SoundI::release                          :     creepy-music-box-6169 (000002309E6BA398)
[LOG] SoundI::release                          : creepy-music-box-6169 (000002308AA1A6C8)
[LOG] SoundI::release                          :     creepy-music-box-6169 (000002309ED30648)
[LOG] SoundI::release                          :     creepy-music-box-6169 (000002309E6B9CD8)
[LOG] SoundI::release                          : creepy-music-box-6169 (0000022F8B1023A8)
[LOG] SoundI::release                          :     creepy-music-box-6169 (00000230AC71A198)
[LOG] SoundI::release                          :     creepy-music-box-6169 (00000230AD111208)
[LOG] SystemI::mixerSuspend                    : Suspending output.
[LOG] SystemI::mixerResume                     : Resuming output.
[LOG] SoundI::release                          :  (00000230AD5F2D68)
[LOG] SoundI::release                          :     mixkit-losing-bleeps-2026 (0000022F8B029578)
[LOG] SoundI::release                          :  (00000230AD5F2078)
[LOG] SoundI::release                          :     mixkit-retro-game-notification-212 (0000022F8B0298B8)
[LOG] Thread::callback                         : FMOD Studio update thread finished.
[LOG] Thread::callback                         : FMOD Studio bank load thread finished.
[LOG] Profile::disconnectAll                   : Profiler disconnecting all clients
[LOG] Thread::callback                         : FMOD Studio sample load thread finished.
[LOG] LiveUpdate::release                      : 
[LOG] LiveUpdate::reset                        : Reset connection (reason Disconnected)
[LOG] Thread::callback                         : FMOD stream thread finished.
[LOG] Thread::callback                         : FMOD mixer thread finished.
[LOG] Profile::disconnectAll                   : Profiler disconnecting all clients
[LOG] SystemI::close                           : Closed.
[LOG] Thread::callback                         : FMOD Studio bank load thread finished.
[LOG] Thread::callback                         : FMOD Studio sample load thread finished.
[LOG] LiveUpdate::release                      : 
[LOG] LiveUpdate::reset                        : Reset connection (reason Disconnected)
[LOG] Thread::callback                         : FMOD stream thread finished.
[LOG] Thread::callback                         : FMOD mixer thread finished.
[LOG] SystemI::close                           : Closed.
[LOG] Thread::callback                         : FMOD nonblocking thread (0) finished.
[LOG] Thread::callback                         : FMOD file thread finished.
